Build started 17/04/2016 15:23:23.
     1>Project "C:\Users\maram\MissionRnDProjects\c-test2\src\src.vcxproj" on node 2 (Build target(s)).
     1>ClCompile:
         C:\Program Files (x86)\Microsoft Visual Studio 12.0\VC\bin\CL.exe /c /ZI /nologo /W3 /WX- /sdl /Od /Oy- /D WIN32 /D _DEBUG /D _CONSOLE /D _LIB /D _UNICODE /D UNICODE /Gm /EHsc /RTC1 /MDd /GS /fp:precise /Zc:wchar_t /Zc:forScope /Fo"Debug\\" /Fd"Debug\vc120.pdb" /Gd /TP /analyze- /errorReport:prompt OddEven.cpp
         OddEven.cpp
     1>c:\users\maram\missionrndprojects\c-test2\src\oddeven.cpp(67): error C4703: potentially uninitialized local pointer variable 'temp2' used
     1>Done Building Project "C:\Users\maram\MissionRnDProjects\c-test2\src\src.vcxproj" (Build target(s)) -- FAILED.

Build FAILED.

Time Elapsed 00:00:01.43
